1532322160469:exit
1532340731021:ixt
1532340733736:ixtit
1532403493003:exit
1532422090514:kk
1532567575352:Sai Hi
1532567578790:sai hi
1532567602555:helo
1532567604028:help
1532567610164:say-hi
1532567654222:say-hi hello world
1532567669277:say-hi ALex
1532567683718:say-hi hello
1532567699195:say-hi
1532568191387:ld
1532568193524:help
1532568203131:eixt
1532568205300:exit
1532568760288:ls
1532568760299:iexit()
1532568760301:l
1532568760304:;
1532572099448:say-hi a
1532572101206:la
1532572105447:help
1532572120367:clear
1532572126695:exit
1532572146285:ls
1532572259979:exit
1532573117243:xit
1532573119390:exitg
1532573120751:exit
